2017-18-03 12:21:17   INFO [logIN.LogInTest] : Chrome will be started
2017-18-03 12:25:15   INFO [logIN.LogInTest] : Chrome will be started
2017-18-03 12:28:34   INFO [logIN.LogInTest] : FireFox will be started
2017-18-03 12:29:38   INFO [logIN.LogInTest] : FireFox will be started
2017-18-03 12:31:17   INFO [logIN.LogInTest] : FireFox will be started
2017-18-03 12:32:53   INFO [logIN.LogInTest] : FireFox will be started
2017-18-03 12:33:10   INFO [logIN.LogInTest] :  FireFox is started
2017-18-03 12:33:13   INFO [Pages.LoginPage] : Page was opened with url https://www.blablacar.com.ua/
2017-18-03 12:33:33  ERROR [libs.ActionsWithElements] : Can not work with button
2017-18-03 12:33:34   INFO [libs.Utils] : ScreenShot: D:\All_Projects\QA_light\TestingBlaBlaCarWeb\target\screenshot\logIN\LogInTest\validLigIn[0]-fireFox.jpg
2017-18-03 12:35:28   INFO [logIN.LogInTest] : FireFox will be started
2017-18-03 12:35:34   INFO [logIN.LogInTest] :  FireFox is started
2017-18-03 12:35:35   INFO [Pages.LoginPage] : Page was opened with url https://www.blablacar.com.ua/
2017-18-03 12:35:44  ERROR [libs.ActionsWithElements] : Can not work with button
2017-18-03 12:36:36   INFO [logIN.LogInTest] : FireFox will be started
2017-18-03 12:36:41   INFO [logIN.LogInTest] :  FireFox is started
2017-18-03 12:36:43   INFO [Pages.LoginPage] : Page was opened with url https://www.blablacar.com.ua/
2017-18-03 12:37:03  ERROR [libs.ActionsWithElements] : Can not work with button
2017-18-03 12:37:03   INFO [libs.Utils] : ScreenShot: D:\All_Projects\QA_light\TestingBlaBlaCarWeb\target\screenshot\logIN\LogInTest\validLigIn[0]-fireFox.jpg
2017-18-03 12:39:58   INFO [logIN.LogInTest] : FireFox will be started
2017-18-03 12:40:03   INFO [logIN.LogInTest] :  FireFox is started
2017-18-03 12:40:05   INFO [Pages.LoginPage] : Page was opened with url https://www.blablacar.com.ua/
2017-18-03 12:40:15  ERROR [libs.ActionsWithElements] : Can not work with button
2017-18-03 12:40:15   INFO [libs.Utils] : ScreenShot: D:\All_Projects\QA_light\TestingBlaBlaCarWeb\target\screenshot\logIN\LogInTest\validLigIn[0]-fireFox.jpg
2017-18-03 12:43:06   INFO [logIN.LogInTest] : FireFox will be started
2017-18-03 12:43:11   INFO [logIN.LogInTest] :  FireFox is started
2017-18-03 12:43:12   INFO [Pages.LoginPage] : Page was opened with url https://www.blablacar.com.ua/
2017-18-03 12:43:23  ERROR [libs.ActionsWithElements] : Can not work with button
2017-18-03 12:43:24   INFO [libs.Utils] : ScreenShot: D:\All_Projects\QA_light\TestingBlaBlaCarWeb\target\screenshot\logIN\LogInTest\validLogIn[0]-fireFox.jpg
2017-18-03 12:49:31   INFO [logIN.LogInTest] : FireFox will be started
2017-18-03 12:49:36   INFO [logIN.LogInTest] :  FireFox is started
2017-18-03 12:49:38   INFO [Pages.LoginPage] : Page was opened with url https://www.blablacar.com.ua/
2017-18-03 12:49:41   INFO [libs.ActionsWithElements] : Element was clicked
2017-18-03 12:49:41   INFO [libs.Utils] : ScreenShot: D:\All_Projects\QA_light\TestingBlaBlaCarWeb\target\screenshot\logIN\LogInTest\validLogIn[0]-fireFox.jpg
2017-18-03 12:49:51   INFO [logIN.LogInTest] : FireFox will be started
2017-18-03 12:49:56   INFO [logIN.LogInTest] :  FireFox is started
2017-18-03 12:49:58   INFO [Pages.LoginPage] : Page was opened with url https://www.blablacar.com.ua/
2017-18-03 12:50:08  ERROR [libs.ActionsWithElements] : Can not work with button
2017-18-03 12:50:08   INFO [libs.Utils] : ScreenShot: D:\All_Projects\QA_light\TestingBlaBlaCarWeb\target\screenshot\logIN\LogInTest\validLogIn[0]-fireFox.jpg
2017-18-03 12:56:59   INFO [logIN.LogInTest] : FireFox will be started
2017-18-03 12:57:04   INFO [logIN.LogInTest] :  FireFox is started
2017-18-03 12:57:06   INFO [Pages.LoginPage] : Page was opened with url https://www.blablacar.com.ua/
2017-18-03 12:57:07   INFO [libs.ActionsWithElements] : Element was clicked
2017-18-03 12:57:08   INFO [libs.Utils] : ScreenShot: D:\All_Projects\QA_light\TestingBlaBlaCarWeb\target\screenshot\logIN\LogInTest\validLogIn[0]-fireFox.jpg
2017-18-03 12:59:03   INFO [logIN.LogInTest] : FireFox will be started
2017-18-03 12:59:08   INFO [logIN.LogInTest] :  FireFox is started
2017-18-03 12:59:11   INFO [Pages.LoginPage] : Page was opened with url https://www.blablacar.com.ua/
2017-18-03 12:59:11   INFO [libs.ActionsWithElements] : Element was clicked
2017-18-03 12:59:11  ERROR [Pages.LoginPage] : Cannot work with input login
2017-18-03 12:59:12   INFO [libs.Utils] : ScreenShot: D:\All_Projects\QA_light\TestingBlaBlaCarWeb\target\screenshot\logIN\LogInTest\validLogIn[0]-fireFox.jpg
2017-18-03 13:00:04   INFO [logIN.LogInTest] : FireFox will be started
2017-18-03 13:00:09   INFO [logIN.LogInTest] :  FireFox is started
2017-18-03 13:00:11   INFO [Pages.LoginPage] : Page was opened with url https://www.blablacar.com.ua/
2017-18-03 13:00:31  ERROR [libs.ActionsWithElements] : Can not work with button
2017-18-03 13:00:32   INFO [libs.Utils] : ScreenShot: D:\All_Projects\QA_light\TestingBlaBlaCarWeb\target\screenshot\logIN\LogInTest\validLogIn[0]-fireFox.jpg
2017-18-03 13:02:56   INFO [logIN.LogInTest] : FireFox will be started
2017-18-03 13:03:01   INFO [logIN.LogInTest] :  FireFox is started
2017-18-03 13:03:04   INFO [Pages.LoginPage] : Page was opened with url https://www.blablacar.com.ua/
2017-18-03 13:03:24  ERROR [libs.ActionsWithElements] : Can not work with button
2017-18-03 13:03:25   INFO [libs.Utils] : ScreenShot: D:\All_Projects\QA_light\TestingBlaBlaCarWeb\target\screenshot\logIN\LogInTest\validLogIn[0]-fireFox.jpg
2017-18-03 13:03:49   INFO [logIN.LogInTest] : FireFox will be started
2017-18-03 13:03:54   INFO [logIN.LogInTest] :  FireFox is started
2017-18-03 13:03:56   INFO [Pages.LoginPage] : Page was opened with url https://www.blablacar.com.ua/
2017-18-03 13:04:16  ERROR [libs.ActionsWithElements] : Can not work with button
2017-18-03 13:04:16   INFO [libs.Utils] : ScreenShot: D:\All_Projects\QA_light\TestingBlaBlaCarWeb\target\screenshot\logIN\LogInTest\validLogIn[0]-fireFox.jpg
2017-18-03 13:05:51   INFO [logIN.LogInTest] : FireFox will be started
2017-18-03 13:05:56   INFO [logIN.LogInTest] :  FireFox is started
2017-18-03 13:05:58   INFO [Pages.LoginPage] : Page was opened with url https://www.blablacar.com.ua/
2017-18-03 13:06:08  ERROR [libs.ActionsWithElements] : Can not work with button
2017-18-03 13:06:08   INFO [libs.Utils] : ScreenShot: D:\All_Projects\QA_light\TestingBlaBlaCarWeb\target\screenshot\logIN\LogInTest\validLogIn[0]-fireFox.jpg
2017-18-03 13:09:18   INFO [logIN.LogInTest] : FireFox will be started
2017-18-03 13:09:23   INFO [logIN.LogInTest] :  FireFox is started
2017-18-03 13:09:37   INFO [Pages.LoginPage] : Page was opened with url https://www.blablacar.com.ua/
2017-18-03 13:11:41   INFO [libs.Utils] : ScreenShot: D:\All_Projects\QA_light\TestingBlaBlaCarWeb\target\screenshot\logIN\LogInTest\validLogIn[0]-fireFox.jpg
2017-18-03 13:11:51   INFO [logIN.LogInTest] : FireFox will be started
2017-18-03 13:11:56   INFO [logIN.LogInTest] :  FireFox is started
2017-18-03 13:12:01   INFO [Pages.LoginPage] : Page was opened with url https://www.blablacar.com.ua/
2017-18-03 13:12:26   INFO [libs.Utils] : ScreenShot: D:\All_Projects\QA_light\TestingBlaBlaCarWeb\target\screenshot\logIN\LogInTest\validLogIn[0]-fireFox.jpg
2017-18-03 13:12:55   INFO [logIN.LogInTest] : FireFox will be started
2017-18-03 13:13:00   INFO [logIN.LogInTest] :  FireFox is started
2017-18-03 13:13:01   INFO [Pages.LoginPage] : Page was opened with url https://www.blablacar.com.ua/
2017-18-03 13:13:02   INFO [libs.Utils] : ScreenShot: D:\All_Projects\QA_light\TestingBlaBlaCarWeb\target\screenshot\logIN\LogInTest\validLogIn[0]-fireFox.jpg
2017-18-03 13:14:14   INFO [logIN.LogInTest] : FireFox will be started
2017-18-03 13:14:18   INFO [logIN.LogInTest] :  FireFox is started
2017-18-03 13:14:20   INFO [Pages.LoginPage] : Page was opened with url https://www.blablacar.com.ua/
2017-18-03 13:14:30  ERROR [libs.ActionsWithElements] : Can not work with button
2017-18-03 13:14:31   INFO [libs.Utils] : ScreenShot: D:\All_Projects\QA_light\TestingBlaBlaCarWeb\target\screenshot\logIN\LogInTest\validLogIn[0]-fireFox.jpg
2017-18-03 13:35:02   INFO [logIN.LogInTest] : FireFox will be started
2017-18-03 13:35:06   INFO [logIN.LogInTest] :  FireFox is started
2017-18-03 13:35:08   INFO [Pages.LoginPage] : Page was opened with url https://www.blablacar.com.ua/
2017-18-03 13:35:08  ERROR [libs.ActionsWithElements] : Can not work with button
2017-18-03 13:35:09   INFO [libs.Utils] : ScreenShot: D:\All_Projects\QA_light\TestingBlaBlaCarWeb\target\screenshot\logIN\LogInTest\validLogIn[0]-fireFox.jpg
2017-18-03 13:40:32   INFO [logIN.LogInTest] : FireFox will be started
2017-18-03 13:40:37   INFO [logIN.LogInTest] :  FireFox is started
2017-18-03 13:40:38   INFO [Pages.LoginPage] : Page was opened with url https://www.blablacar.com.ua/
2017-18-03 13:40:38   INFO [libs.ActionsWithElements] : Element was clicked
2017-18-03 13:40:39   INFO [libs.Utils] : ScreenShot: D:\All_Projects\QA_light\TestingBlaBlaCarWeb\target\screenshot\logIN\LogInTest\validLogIn[0]-fireFox.jpg
2017-18-03 13:44:37   INFO [logIN.LogInTest] : FireFox will be started
2017-18-03 13:44:42   INFO [logIN.LogInTest] :  FireFox is started
2017-18-03 13:44:43   INFO [Pages.LoginPage] : Page was opened with url https://www.blablacar.com.ua/
2017-18-03 13:44:44   INFO [libs.ActionsWithElements] : Element was clicked
2017-18-03 13:44:45   INFO [libs.Utils] : ScreenShot: D:\All_Projects\QA_light\TestingBlaBlaCarWeb\target\screenshot\logIN\LogInTest\validLogIn[0]-fireFox.jpg
2017-18-03 14:20:09   INFO [logIN.LogInTest] : FireFox will be started
2017-18-03 14:20:14   INFO [logIN.LogInTest] :  FireFox is started
2017-18-03 14:20:18   INFO [Pages.LoginPage] : Page was opened with url https://www.blablacar.com.ua/
2017-18-03 14:20:18   INFO [libs.ActionsWithElements] : Element was clicked
2017-18-03 14:20:18   INFO [Pages.LoginPage] : Login was entered in input 
2017-18-03 14:20:38  ERROR [libs.ActionsWithElements] : Can not work with input
2017-18-03 14:20:39   INFO [libs.Utils] : ScreenShot: D:\All_Projects\QA_light\TestingBlaBlaCarWeb\target\screenshot\logIN\LogInTest\validLogIn[0]-fireFox.jpg
2017-18-03 14:21:12   INFO [logIN.LogInTest] : FireFox will be started
2017-18-03 14:21:17   INFO [logIN.LogInTest] :  FireFox is started
2017-18-03 14:21:20   INFO [Pages.LoginPage] : Page was opened with url https://www.blablacar.com.ua/
2017-18-03 14:21:20   INFO [libs.ActionsWithElements] : Element was clicked
2017-18-03 14:21:20   INFO [Pages.LoginPage] : Login was entered in input 
2017-18-03 14:21:21   INFO [libs.ActionsWithElements] : Pass was inputed
2017-18-03 14:21:34  ERROR [libs.ActionsWithElements] : Can not work with button
2017-18-03 14:22:54   INFO [logIN.LogInTest] : FireFox will be started
2017-18-03 14:22:59   INFO [logIN.LogInTest] :  FireFox is started
2017-18-03 14:23:01   INFO [Pages.LoginPage] : Page was opened with url https://www.blablacar.com.ua/
2017-18-03 14:23:02   INFO [libs.ActionsWithElements] : Element was clicked
2017-18-03 14:23:02   INFO [Pages.LoginPage] : Login was entered in input 
2017-18-03 14:23:02   INFO [libs.ActionsWithElements] : Pass was inputed
2017-18-03 14:23:03   INFO [libs.ActionsWithElements] : Element was clicked
2017-18-03 14:23:03   INFO [libs.Utils] : ScreenShot: D:\All_Projects\QA_light\TestingBlaBlaCarWeb\target\screenshot\logIN\LogInTest\validLogIn[0]-fireFox.jpg
2017-18-03 14:27:01   INFO [logIN.LogInTest] : Chrome will be started
2017-18-03 14:27:05   INFO [logIN.LogInTest] :  Chrome is started
2017-18-03 14:27:08   INFO [Pages.LoginPage] : Page was opened with url https://www.blablacar.com.ua/
2017-18-03 14:27:08   INFO [libs.ActionsWithElements] : Element was clicked
2017-18-03 14:27:09   INFO [Pages.LoginPage] : Login was entered in input 
2017-18-03 14:27:09   INFO [libs.ActionsWithElements] : Pass was inputed
2017-18-03 14:27:09   INFO [libs.ActionsWithElements] : Element was clicked
2017-18-03 14:27:11   INFO [libs.Utils] : ScreenShot: D:\All_Projects\QA_light\TestingBlaBlaCarWeb\target\screenshot\logIN\LogInTest\validLogIn[0]-chrome.jpg
2017-18-03 14:27:11  ERROR [logIN.LogInTest] : AC failed: Title not expected
2017-18-03 14:27:11   INFO [libs.Utils] : ScreenShot: D:\All_Projects\QA_light\TestingBlaBlaCarWeb\target\screenshot\logIN\LogInTest\validLogIn[0]-chrome.jpg
2017-18-03 14:30:13   INFO [logIN.LogInTest] : Chrome will be started
2017-18-03 14:30:16   INFO [logIN.LogInTest] :  Chrome is started
2017-18-03 14:30:18   INFO [Pages.LoginPage] : Page was opened with url https://www.blablacar.com.ua/
2017-18-03 14:30:19   INFO [libs.ActionsWithElements] : Element was clicked
2017-18-03 14:30:19   INFO [Pages.LoginPage] : Login was entered in input 
2017-18-03 14:30:19   INFO [libs.ActionsWithElements] : Pass was inputed
2017-18-03 14:30:20   INFO [libs.ActionsWithElements] : Element was clicked
2017-18-03 14:33:07   INFO [logIN.LogInTest] : Chrome will be started
2017-18-03 14:33:10   INFO [logIN.LogInTest] :  Chrome is started
2017-18-03 14:33:13   INFO [Pages.LoginPage] : Page was opened with url https://www.blablacar.com.ua/
2017-18-03 14:33:13   INFO [libs.ActionsWithElements] : Element was clicked
2017-18-03 14:33:14   INFO [Pages.LoginPage] : Login was entered in input 
2017-18-03 14:33:14   INFO [libs.ActionsWithElements] : Pass was inputed
2017-18-03 14:33:14   INFO [libs.ActionsWithElements] : Element was clicked
2017-18-03 14:33:16   INFO [libs.Utils] : ScreenShot: D:\All_Projects\QA_light\TestingBlaBlaCarWeb\target\screenshot\logIN\LogInTest\validLogIn[0]-chrome.jpg
2017-18-03 14:33:16  ERROR [logIN.LogInTest] : AC failed: Title not expected
2017-18-03 14:33:16   INFO [libs.Utils] : ScreenShot: D:\All_Projects\QA_light\TestingBlaBlaCarWeb\target\screenshot\logIN\LogInTest\validLogIn[0]-chrome.jpg
2017-18-03 14:44:44   INFO [logIN.LogInTest] : Chrome will be started
2017-18-03 14:44:47   INFO [logIN.LogInTest] :  Chrome is started
2017-18-03 14:44:50   INFO [Pages.LoginPage] : Page was opened with url https://www.blablacar.com.ua/
2017-18-03 14:44:51   INFO [libs.ActionsWithElements] : Element was clicked
2017-18-03 14:44:51   INFO [Pages.LoginPage] : Login was entered in input 
2017-18-03 14:44:52   INFO [libs.ActionsWithElements] : Pass was inputed
2017-18-03 14:44:52   INFO [libs.ActionsWithElements] : Element was clicked
2017-18-03 14:45:02   INFO [libs.Utils] : ScreenShot: D:\All_Projects\QA_light\TestingBlaBlaCarWeb\target\screenshot\logIN\LogInTest\validLogIn[0]-chrome.jpg
2017-18-03 14:45:02  ERROR [logIN.LogInTest] : AC failed: Title not expected
2017-18-03 14:45:02   INFO [libs.Utils] : ScreenShot: D:\All_Projects\QA_light\TestingBlaBlaCarWeb\target\screenshot\logIN\LogInTest\validLogIn[0]-chrome.jpg
2017-18-03 14:53:03   INFO [logIN.LogInTest] : Chrome will be started
2017-18-03 14:53:06   INFO [logIN.LogInTest] :  Chrome is started
2017-18-03 14:53:09   INFO [Pages.LoginPage] : Page was opened with url https://www.blablacar.com.ua/
2017-18-03 14:53:09   INFO [libs.ActionsWithElements] : Element was clicked
2017-18-03 14:53:09   INFO [Pages.LoginPage] : Login was entered in input 
2017-18-03 14:53:10   INFO [libs.ActionsWithElements] : Pass was inputed
2017-18-03 14:53:10   INFO [libs.ActionsWithElements] : Element was clicked
2017-18-03 14:53:20   INFO [libs.Utils] : ScreenShot: D:\All_Projects\QA_light\TestingBlaBlaCarWeb\target\screenshot\logIN\LogInTest\validLogIn[0]-chrome.jpg
2017-18-03 15:12:26   INFO [logIN.LogInTest] : Chrome will be started
2017-18-03 15:12:29   INFO [logIN.LogInTest] :  Chrome is started
2017-18-03 15:12:32   INFO [Pages.LoginPage] : Page was opened with url https://www.blablacar.com.ua/
2017-18-03 15:12:32   INFO [libs.ActionsWithElements] : Element was clicked
2017-18-03 15:12:32   INFO [Pages.LoginPage] : Login was entered in input 
2017-18-03 15:12:33   INFO [libs.ActionsWithElements] : Pass was inputed
2017-18-03 15:12:33   INFO [libs.ActionsWithElements] : Element was clicked
2017-18-03 15:12:35   INFO [libs.Utils] : ScreenShot: D:\All_Projects\QA_light\TestingBlaBlaCarWeb\target\screenshot\logIN\LogInTest\validLogIn[0]-chrome.jpg
2017-18-03 15:12:35  ERROR [logIN.LogInTest] : AC failed: Title not expected
2017-18-03 15:12:35   INFO [libs.Utils] : ScreenShot: D:\All_Projects\QA_light\TestingBlaBlaCarWeb\target\screenshot\logIN\LogInTest\validLogIn[0]-chrome.jpg
2017-18-03 15:25:49   INFO [logIN.LogInTest] : Chrome will be started
2017-18-03 15:25:52   INFO [logIN.LogInTest] :  Chrome is started
2017-18-03 15:25:54   INFO [Pages.LoginPage] : Page was opened with url https://www.blablacar.com.ua/
2017-18-03 15:25:55   INFO [libs.ActionsWithElements] : Element was clicked
2017-18-03 15:25:55   INFO [Pages.LoginPage] : Login was entered in input 
2017-18-03 15:25:55   INFO [libs.ActionsWithElements] : Pass was inputed
2017-18-03 15:25:56   INFO [libs.ActionsWithElements] : Element was clicked
2017-18-03 15:25:58   INFO [libs.Utils] : ScreenShot: D:\All_Projects\QA_light\TestingBlaBlaCarWeb\target\screenshot\logIN\LogInTest\validLogIn[0]-chrome.jpg
2017-18-03 15:26:47   INFO [logIN.LogInTest] : Chrome will be started
2017-18-03 15:26:51   INFO [logIN.LogInTest] :  Chrome is started
2017-18-03 15:26:53   INFO [Pages.LoginPage] : Page was opened with url https://www.blablacar.com.ua/
2017-18-03 15:26:54   INFO [libs.ActionsWithElements] : Element was clicked
2017-18-03 15:26:54   INFO [Pages.LoginPage] : Login was entered in input 
2017-18-03 15:26:54   INFO [libs.ActionsWithElements] : Pass was inputed
2017-18-03 15:26:55   INFO [libs.ActionsWithElements] : Element was clicked
2017-18-03 15:26:57   INFO [libs.Utils] : ScreenShot: D:\All_Projects\QA_light\TestingBlaBlaCarWeb\target\screenshot\logIN\LogInTest\validLogIn[0]-chrome.jpg
2017-18-03 15:28:10   INFO [logIN.LogInTest] : Chrome will be started
2017-18-03 15:28:13   INFO [logIN.LogInTest] :  Chrome is started
2017-18-03 15:28:16   INFO [Pages.LoginPage] : Page was opened with url https://www.blablacar.com.ua/
2017-18-03 15:28:16   INFO [libs.ActionsWithElements] : Element was clicked
2017-18-03 15:28:16   INFO [Pages.LoginPage] : Login was entered in input 
2017-18-03 15:28:17   INFO [libs.ActionsWithElements] : Pass was inputed
2017-18-03 15:28:17   INFO [libs.ActionsWithElements] : Element was clicked
2017-18-03 15:28:19   INFO [libs.Utils] : ScreenShot: D:\All_Projects\QA_light\TestingBlaBlaCarWeb\target\screenshot\logIN\LogInTest\validLogIn[0]-chrome.jpg
2017-18-03 15:29:02   INFO [logIN.LogInTest] : Chrome will be started
2017-18-03 15:29:05   INFO [logIN.LogInTest] :  Chrome is started
2017-18-03 15:29:08   INFO [Pages.LoginPage] : Page was opened with url https://www.blablacar.com.ua/
2017-18-03 15:29:08   INFO [libs.ActionsWithElements] : Element was clicked
2017-18-03 15:29:08   INFO [Pages.LoginPage] : Login was entered in input 
2017-18-03 15:29:09   INFO [libs.ActionsWithElements] : Pass was inputed
2017-18-03 15:29:09   INFO [libs.ActionsWithElements] : Element was clicked
2017-18-03 15:29:11   INFO [libs.Utils] : ScreenShot: D:\All_Projects\QA_light\TestingBlaBlaCarWeb\target\screenshot\logIN\LogInTest\validLogIn[0]-chrome.jpg
2017-18-03 15:35:17   INFO [logIN.LogInTest] : Chrome will be started
2017-18-03 15:35:28   INFO [logIN.LogInTest] :  Chrome is started
2017-18-03 15:35:31   INFO [Pages.LoginPage] : Page was opened with url https://www.blablacar.com.ua/
2017-18-03 15:35:32   INFO [libs.ActionsWithElements] : Element was clicked
2017-18-03 15:35:32   INFO [Pages.LoginPage] : Login was entered in input 
2017-18-03 15:35:32   INFO [libs.ActionsWithElements] : Pass was inputed
2017-18-03 15:35:32   INFO [libs.ActionsWithElements] : Element was clicked
2017-18-03 15:35:34   INFO [libs.Utils] : ScreenShot: D:\All_Projects\QA_light\TestingBlaBlaCarWeb\target\screenshot\logIN\LogInTest\validLogIn[0]-chrome.jpg
2017-18-03 16:00:12   INFO [logIN.LogInTest] : Chrome will be started
2017-18-03 16:00:18   INFO [logIN.LogInTest] :  Chrome is started
2017-18-03 16:00:22   INFO [Pages.LoginPage] : Page was opened with url https://www.blablacar.com.ua/
2017-18-03 16:00:22   INFO [libs.ActionsWithElements] : Element was clicked
2017-18-03 16:00:22   INFO [Pages.LoginPage] : Login was entered in input 
2017-18-03 16:00:23   INFO [libs.ActionsWithElements] : Pass was inputed
2017-18-03 16:00:23   INFO [libs.ActionsWithElements] : Element was clicked
2017-18-03 16:00:25   INFO [libs.Utils] : ScreenShot: D:\All_Projects\QA_light\TestingBlaBlaCarWeb\target\screenshot\logIN\LogInTest\validLogIn[0]-chrome.jpg
2017-18-03 17:01:04   INFO [logIN.LogInTest] : Chrome will be started
2017-18-03 17:01:13   INFO [logIN.LogInTest] :  Chrome is started
2017-18-03 17:01:17   INFO [Pages.LoginPage] : Page was opened with url https://www.blablacar.com.ua/
2017-18-03 17:01:18   INFO [libs.ActionsWithElements] : Element was clicked
2017-18-03 17:01:18   INFO [Pages.LoginPage] : Login was entered in input 
2017-18-03 17:01:18   INFO [libs.ActionsWithElements] : Pass was inputed
2017-18-03 17:01:19   INFO [libs.ActionsWithElements] : Element was clicked
2017-18-03 17:01:24   INFO [libs.Utils] : ScreenShot: D:\All_Projects\QA_light\TestingBlaBlaCarWeb\target\screenshot\logIN\LogInTest\validLogIn[0]-chrome.jpg
2017-18-03 17:27:10   INFO [logIN.LogInTest] : Chrome will be started
2017-18-03 17:27:17   INFO [logIN.LogInTest] :  Chrome is started
2017-18-03 17:27:19   INFO [Pages.LoginPage] : Page was opened with url https://www.blablacar.com.ua/
2017-18-03 17:27:20   INFO [libs.ActionsWithElements] : Element was clicked
2017-18-03 17:27:20   INFO [Pages.LoginPage] : Login was entered in input 
2017-18-03 17:27:21   INFO [libs.ActionsWithElements] : Pass was inputed
2017-18-03 17:27:21   INFO [libs.ActionsWithElements] : Element was clicked
2017-18-03 17:27:31  ERROR [libs.ActionsWithElements] : Can not work with element
2017-18-03 17:27:31   INFO [libs.Utils] : ScreenShot: D:\All_Projects\QA_light\TestingBlaBlaCarWeb\target\screenshot\logIN\LogInTest\validLogIn[0]-chrome.jpg
2017-18-03 17:30:03   INFO [logIN.LogInTest] : Chrome will be started
2017-18-03 17:30:09   INFO [logIN.LogInTest] :  Chrome is started
2017-18-03 17:30:11   INFO [Pages.LoginPage] : Page was opened with url https://www.blablacar.com.ua/
2017-18-03 17:30:12   INFO [libs.ActionsWithElements] : Element was clicked
2017-18-03 17:30:12   INFO [Pages.LoginPage] : Login was entered in input 
2017-18-03 17:30:13   INFO [libs.ActionsWithElements] : Pass was inputed
2017-18-03 17:30:13   INFO [libs.ActionsWithElements] : Element was clicked
2017-18-03 17:30:23  ERROR [libs.ActionsWithElements] : Can not work with element
2017-18-03 17:30:23   INFO [libs.Utils] : ScreenShot: D:\All_Projects\QA_light\TestingBlaBlaCarWeb\target\screenshot\logIN\LogInTest\validLogIn[0]-chrome.jpg
2017-18-03 18:02:55   INFO [logIN.LogInTest] : Chrome will be started
2017-18-03 18:03:04   INFO [logIN.LogInTest] :  Chrome is started
2017-18-03 18:03:41   INFO [Pages.LoginPage] : Page was opened with url https://www.blablacar.com.ua/
2017-18-03 18:03:51  ERROR [libs.ActionsWithElements] : Can not work with button
2017-18-03 18:04:09   INFO [logIN.LogInTest] : Chrome will be started
2017-18-03 18:04:16   INFO [logIN.LogInTest] :  Chrome is started
2017-18-03 18:04:19   INFO [Pages.LoginPage] : Page was opened with url https://www.blablacar.com.ua/
2017-18-03 18:04:20   INFO [libs.ActionsWithElements] : Element was clicked
2017-18-03 18:04:20   INFO [Pages.LoginPage] : Login was entered in input 
2017-18-03 18:04:20   INFO [libs.ActionsWithElements] : Pass was inputed
2017-18-03 18:04:21   INFO [libs.ActionsWithElements] : Element was clicked
2017-18-03 18:04:23  ERROR [libs.ActionsWithElements] : Can not work with element
2017-18-03 18:04:23   INFO [libs.Utils] : ScreenShot: D:\All_Projects\QA_light\TestingBlaBlaCarWeb\target\screenshot\logIN\LogInTest\validLogIn[0]-chrome.jpg
2017-20-03 21:59:38   INFO [logIN.LogInTest] : Chrome will be started
2017-20-03 21:59:46   INFO [logIN.LogInTest] :  Chrome is started
2017-20-03 21:59:50   INFO [Pages.LoginPage] : Page was opened with url https://www.blablacar.com.ua/
2017-20-03 21:59:50   INFO [libs.ActionsWithElements] : Element was clicked
2017-20-03 21:59:51   INFO [Pages.LoginPage] : Login was entered in input 
2017-20-03 21:59:51   INFO [libs.ActionsWithElements] : Pass was inputed
2017-20-03 21:59:51   INFO [libs.ActionsWithElements] : Element was clicked
2017-20-03 21:59:53  ERROR [libs.ActionsWithElements] : Can not work with element
2017-20-03 21:59:53   INFO [libs.Utils] : ScreenShot: D:\All_Projects\QA_light\TestingBlaBlaCarWeb\target\screenshot\logIN\LogInTest\validLogIn[0]-chrome.jpg
2017-20-03 22:14:14   INFO [logIN.LogInTest] : Chrome will be started
2017-20-03 22:14:19   INFO [logIN.LogInTest] :  Chrome is started
2017-20-03 22:14:21   INFO [Pages.LoginPage] : Page was opened with url https://www.blablacar.com.ua/
2017-20-03 22:14:22   INFO [libs.ActionsWithElements] : Element was clicked
2017-20-03 22:14:22   INFO [Pages.LoginPage] : Login was entered in input 
2017-20-03 22:14:22   INFO [libs.ActionsWithElements] : Pass was inputed
2017-20-03 22:14:22   INFO [libs.ActionsWithElements] : Element was clicked
2017-20-03 22:14:24   INFO [libs.Utils] : ScreenShot: D:\All_Projects\QA_light\TestingBlaBlaCarWeb\target\screenshot\logIN\LogInTest\validLogIn[0]-chrome.jpg
